# JRE version: OpenJDK Runtime Environment Zulu17.58+21-CA (17.0.15+6) (build 17.0.15+6-LTS)
# Java VM: OpenJDK 64-Bit Server VM Zulu17.58+21-CA (17.0.15+6-LTS, mixed mode, sharing, tiered, compressed oops, compressed class ptrs, g1 gc, windows-amd64)
GC Precious Log:
 CPUs: 4 total, 4 available
 Memory: 7082M
 Large Page Support: Disabled
 NUMA Support: Disabled
 Compressed Oops: Enabled (32-bit)
 Heap Region Size: 1M
 Heap Min Capacity: 8M
 Heap Initial Capacity: 112M
 Heap Max Capacity: 2G
 Pre-touch: Disabled
 Parallel Workers: 4
 Concurrent Workers: 1
 Concurrent Refinement Workers: 4
 Periodic GC: Disabled
Heap:
 garbage-first heap   total 184320K, used 106059K [0x0000000080000000, 0x0000000100000000)
  region size 1024K, 3 young (3072K), 3 survivors (3072K)
 Metaspace       used 90107K, committed 91008K, reserved 557056K
  class space    used 12371K, committed 12800K, reserved 425984K
GC Heap History (20 events):
Event: 131.174 GC heap after
{Heap after GC invocations=59 (full 0):
 garbage-first heap   total 134144K, used 98304K [0x0000000080000000, 0x0000000100000000)
  region size 1024K, 1 young (1024K), 1 survivors (1024K)
 Metaspace       used 79568K, committed 80512K, reserved 557056K
  class space    used 11029K, committed 11456K, reserved 425984K
}
Event: 134.652 GC heap before
{Heap before GC invocations=59 (full 0):
 garbage-first heap   total 134144K, used 113664K [0x0000000080000000, 0x0000000100000000)
  region size 1024K, 16 young (16384K), 1 survivors (1024K)
 Metaspace       used 81431K, committed 82304K, reserved 557056K
  class space    used 11239K, committed 11648K, reserved 425984K
}
Event: 134.662 GC heap after
{Heap after GC invocations=60 (full 0):
 garbage-first heap   total 134144K, used 99932K [0x0000000080000000, 0x0000000100000000)
  region size 1024K, 2 young (2048K), 2 survivors (2048K)
 Metaspace       used 81431K, committed 82304K, reserved 557056K
  class space    used 11239K, committed 11648K, reserved 425984K
}
Event: 135.175 GC heap before
{Heap before GC invocations=60 (full 0):
 garbage-first heap   total 134144K, used 119388K [0x0000000080000000, 0x0000000100000000)
  region size 1024K, 16 young (16384K), 2 survivors (2048K)
 Metaspace       used 81605K, committed 82496K, reserved 557056K
  class space    used 11274K, committed 11712K, reserved 425984K
}
Event: 135.192 GC heap after
{Heap after GC invocations=61 (full 0):
 garbage-first heap   total 134144K, used 104026K [0x0000000080000000, 0x0000000100000000)
  region size 1024K, 2 young (2048K), 2 survivors (2048K)
 Metaspace       used 81605K, committed 82496K, reserved 557056K
  class space    used 11274K, committed 11712K, reserved 425984K
}
Event: 136.094 GC heap before
{Heap before GC invocations=61 (full 0):
 garbage-first heap   total 134144K, used 114266K [0x0000000080000000, 0x0000000100000000)
  region size 1024K, 12 young (12288K), 2 survivors (2048K)
 Metaspace       used 82234K, committed 83136K, reserved 557056K
  class space    used 11365K, committed 11776K, reserved 425984K
}
Event: 136.102 GC heap after
{Heap after GC invocations=62 (full 0):
 garbage-first heap   total 134144K, used 104504K [0x0000000080000000, 0x0000000100000000)
  region size 1024K, 1 young (1024K), 1 survivors (1024K)
 Metaspace       used 82234K, committed 83136K, reserved 557056K
  class space    used 11365K, committed 11776K, reserved 425984K
}
Event: 137.221 GC heap before
{Heap before GC invocations=62 (full 0):
 garbage-first heap   total 134144K, used 114744K [0x0000000080000000, 0x0000000100000000)
  region size 1024K, 11 young (11264K), 1 survivors (1024K)
 Metaspace       used 83023K, committed 83904K, reserved 557056K
  class space    used 11456K, committed 11904K, reserved 425984K
}
Event: 137.228 GC heap after
{Heap after GC invocations=63 (full 0):
 garbage-first heap   total 134144K, used 104994K [0x0000000080000000, 0x0000000100000000)
  region size 1024K, 1 young (1024K), 1 survivors (1024K)
 Metaspace       used 83023K, committed 83904K, reserved 557056K
  class space    used 11456K, committed 11904K, reserved 425984K
}
Event: 138.140 GC heap before
{Heap before GC invocations=63 (full 0):
 garbage-first heap   total 134144K, used 115234K [0x0000000080000000, 0x0000000100000000)
  region size 1024K, 11 young (11264K), 1 survivors (1024K)
 Metaspace       used 83669K, committed 84544K, reserved 557056K
  class space    used 11545K, committed 11968K, reserved 425984K
}
Event: 138.150 GC heap after
{Heap after GC invocations=64 (full 0):
 garbage-first heap   total 134144K, used 105633K [0x0000000080000000, 0x0000000100000000)
  region size 1024K, 2 young (2048K), 2 survivors (2048K)
 Metaspace       used 83669K, committed 84544K, reserved 557056K
  class space    used 11545K, committed 11968K, reserved 425984K
}
Event: 139.143 GC heap before
{Heap before GC invocations=64 (full 0):
 garbage-first heap   total 134144K, used 115873K [0x0000000080000000, 0x0000000100000000)
  region size 1024K, 12 young (12288K), 2 survivors (2048K)
 Metaspace       used 84314K, committed 85248K, reserved 557056K
  class space    used 11625K, committed 12032K, reserved 425984K
}
Event: 139.157 GC heap after
{Heap after GC invocations=65 (full 0):
 garbage-first heap   total 134144K, used 106303K [0x0000000080000000, 0x0000000100000000)
  region size 1024K, 2 young (2048K), 2 survivors (2048K)
 Metaspace       used 84314K, committed 85248K, reserved 557056K
  class space    used 11625K, committed 12032K, reserved 425984K
}
Event: 140.101 GC heap before
{Heap before GC invocations=65 (full 0):
 garbage-first heap   total 134144K, used 115519K [0x0000000080000000, 0x0000000100000000)
  region size 1024K, 11 young (11264K), 2 survivors (2048K)
 Metaspace       used 84988K, committed 85888K, reserved 557056K
  class space    used 11700K, committed 12096K, reserved 425984K
}
Event: 140.108 GC heap after
{Heap after GC invocations=66 (full 0):
 garbage-first heap   total 134144K, used 106646K [0x0000000080000000, 0x0000000100000000)
  region size 1024K, 2 young (2048K), 2 survivors (2048K)
 Metaspace       used 84988K, committed 85888K, reserved 557056K
  class space    used 11700K, committed 12096K, reserved 425984K
}
Event: 141.187 GC heap before
{Heap before GC invocations=67 (full 0):
 garbage-first heap   total 184320K, used 112790K [0x0000000080000000, 0x0000000100000000)
  region size 1024K, 9 young (9216K), 2 survivors (2048K)
 Metaspace       used 85934K, committed 86848K, reserved 557056K
  class space    used 11794K, committed 12224K, reserved 425984K
}
Event: 141.201 GC heap after
{Heap after GC invocations=68 (full 0):
 garbage-first heap   total 184320K, used 107055K [0x0000000080000000, 0x0000000100000000)
  region size 1024K, 2 young (2048K), 2 survivors (2048K)
 Metaspace       used 85934K, committed 86848K, reserved 557056K
  class space    used 11794K, committed 12224K, reserved 425984K
}
Event: 142.029 GC heap before
{Heap before GC invocations=68 (full 0):
 garbage-first heap   total 184320K, used 114223K [0x0000000080000000, 0x0000000100000000)
  region size 1024K, 9 young (9216K), 2 survivors (2048K)
 Metaspace       used 86402K, committed 87296K, reserved 557056K
  class space    used 11863K, committed 12288K, reserved 425984K
}
Event: 142.047 GC heap after
{Heap after GC invocations=69 (full 0):
 garbage-first heap   total 184320K, used 101460K [0x0000000080000000, 0x0000000100000000)
  region size 1024K, 2 young (2048K), 2 survivors (2048K)
 Metaspace       used 86402K, committed 87296K, reserved 557056K
  class space    used 11863K, committed 12288K, reserved 425984K
}
Event: 146.247 GC heap before
{Heap before GC invocations=69 (full 0):
 garbage-first heap   total 184320K, used 156756K [0x0000000080000000, 0x0000000100000000)
  region size 1024K, 53 young (54272K), 2 survivors (2048K)
 Metaspace       used 90107K, committed 91008K, reserved 557056K
  class space    used 12371K, committed 12800K, reserved 425984K
}

